[ 2017-04-10T11:29:25+08:00 ] 127.0.0.1 /Xinda/index.php/js/jquery.rateit.min.js
INFO: [ app_init ] --START--
INFO: Run Behavior\BuildLiteBehavior [ RunTime:0.000000s ]
INFO: [ app_init ] --END-- [ RunTime:0.000000s ]
INFO: [ app_begin ] --START--
INFO: Run Behavior\ReadHtmlCacheBehavior [ RunTime:0.001000s ]
INFO: [ app_begin ] --END-- [ RunTime:0.001000s ]
NOTIC: [8] Use of undefined constant PRODUCT - assumed 'PRODUCT' F:\xampp\htdocs\Xinda\Apps\Xinda\Controller\WebInfoController.class.php 第 6 行.

[ 2017-04-10T11:29:25+08:00 ] 127.0.0.1 /Xinda/index.php/js/jquery.prettyPhoto.js
INFO: [ app_init ] --START--
INFO: Run Behavior\BuildLiteBehavior [ RunTime:0.000000s ]
INFO: [ app_init ] --END-- [ RunTime:0.000000s ]
INFO: [ app_begin ] --START--
INFO: Run Behavior\ReadHtmlCacheBehavior [ RunTime:0.000000s ]
INFO: [ app_begin ] --END-- [ RunTime:0.000000s ]
NOTIC: [8] Use of undefined constant PRODUCT - assumed 'PRODUCT' F:\xampp\htdocs\Xinda\Apps\Xinda\Controller\WebInfoController.class.php 第 6 行.

[ 2017-04-10T11:29:25+08:00 ] 127.0.0.1 /Xinda/index.php/js/fullcalendar.min.js
INFO: [ app_init ] --START--
INFO: Run Behavior\BuildLiteBehavior [ RunTime:0.000000s ]
INFO: [ app_init ] --END-- [ RunTime:0.000000s ]
INFO: [ app_begin ] --START--
INFO: Run Behavior\ReadHtmlCacheBehavior [ RunTime:0.000000s ]
INFO: [ app_begin ] --END-- [ RunTime:0.000000s ]
NOTIC: [8] Use of undefined constant PRODUCT - assumed 'PRODUCT' F:\xampp\htdocs\Xinda\Apps\Xinda\Controller\WebInfoController.class.php 第 6 行.

[ 2017-04-10T11:29:25+08:00 ] 127.0.0.1 /Xinda/index.php/js/jquery-ui-1.9.2.custom.min.js
INFO: [ app_init ] --START--
INFO: Run Behavior\BuildLiteBehavior [ RunTime:0.000000s ]
INFO: [ app_init ] --END-- [ RunTime:0.000000s ]
INFO: [ app_begin ] --START--
INFO: Run Behavior\ReadHtmlCacheBehavior [ RunTime:0.000000s ]
INFO: [ app_begin ] --END-- [ RunTime:0.000000s ]
NOTIC: [8] Use of undefined constant PRODUCT - assumed 'PRODUCT' F:\xampp\htdocs\Xinda\Apps\Xinda\Controller\WebInfoController.class.php 第 6 行.

[ 2017-04-10T11:29:25+08:00 ] 127.0.0.1 /Xinda/index.php/js/jquery.flot.js
INFO: [ app_init ] --START--
INFO: Run Behavior\BuildLiteBehavior [ RunTime:0.000000s ]
INFO: [ app_init ] --END-- [ RunTime:0.000000s ]
INFO: [ app_begin ] --START--
INFO: Run Behavior\ReadHtmlCacheBehavior [ RunTime:0.001000s ]
INFO: [ app_begin ] --END-- [ RunTime:0.001000s ]
NOTIC: [8] Use of undefined constant PRODUCT - assumed 'PRODUCT' F:\xampp\htdocs\Xinda\Apps\Xinda\Controller\WebInfoController.class.php 第 6 行.

[ 2017-04-10T11:29:25+08:00 ] 127.0.0.1 /Xinda/index.php/js/excanvas.min.js
INFO: [ app_init ] --START--
INFO: Run Behavior\BuildLiteBehavior [ RunTime:0.000000s ]
INFO: [ app_init ] --END-- [ RunTime:0.000000s ]
INFO: [ app_begin ] --START--
INFO: Run Behavior\ReadHtmlCacheBehavior [ RunTime:0.001000s ]
INFO: [ app_begin ] --END-- [ RunTime:0.001000s ]
NOTIC: [8] Use of undefined constant PRODUCT - assumed 'PRODUCT' F:\xampp\htdocs\Xinda\Apps\Xinda\Controller\WebInfoController.class.php 第 6 行.

[ 2017-04-10T11:29:25+08:00 ] 127.0.0.1 /Xinda/index.php/js/jquery.flot.pie.js
INFO: [ app_init ] --START--
INFO: Run Behavior\BuildLiteBehavior [ RunTime:0.000000s ]
INFO: [ app_init ] --END-- [ RunTime:0.001000s ]
INFO: [ app_begin ] --START--
INFO: Run Behavior\ReadHtmlCacheBehavior [ RunTime:0.000000s ]
INFO: [ app_begin ] --END-- [ RunTime:0.000000s ]
NOTIC: [8] Use of undefined constant PRODUCT - assumed 'PRODUCT' F:\xampp\htdocs\Xinda\Apps\Xinda\Controller\WebInfoController.class.php 第 6 行.

[ 2017-04-10T11:29:25+08:00 ] 127.0.0.1 /Xinda/index.php/js/jquery.flot.resize.js
INFO: [ app_init ] --START--
INFO: Run Behavior\BuildLiteBehavior [ RunTime:0.000000s ]
INFO: [ app_init ] --END-- [ RunTime:0.000000s ]
INFO: [ app_begin ] --START--
INFO: Run Behavior\ReadHtmlCacheBehavior [ RunTime:0.000000s ]
INFO: [ app_begin ] --END-- [ RunTime:0.000000s ]
NOTIC: [8] Use of undefined constant PRODUCT - assumed 'PRODUCT' F:\xampp\htdocs\Xinda\Apps\Xinda\Controller\WebInfoController.class.php 第 6 行.

[ 2017-04-10T11:29:25+08:00 ] 127.0.0.1 /Xinda/index.php/js/jquery.flot.stack.js
INFO: [ app_init ] --START--
INFO: Run Behavior\BuildLiteBehavior [ RunTime:0.000000s ]
INFO: [ app_init ] --END-- [ RunTime:0.000000s ]
INFO: [ app_begin ] --START--
INFO: Run Behavior\ReadHtmlCacheBehavior [ RunTime:0.001000s ]
INFO: [ app_begin ] --END-- [ RunTime:0.001000s ]
NOTIC: [8] Use of undefined constant PRODUCT - assumed 'PRODUCT' F:\xampp\htdocs\Xinda\Apps\Xinda\Controller\WebInfoController.class.php 第 6 行.

[ 2017-04-10T11:29:25+08:00 ] 127.0.0.1 /Xinda/index.php/js/themes/default.js
INFO: [ app_init ] --START--
INFO: Run Behavior\BuildLiteBehavior [ RunTime:0.000000s ]
INFO: [ app_init ] --END-- [ RunTime:0.000000s ]
INFO: [ app_begin ] --START--
INFO: Run Behavior\ReadHtmlCacheBehavior [ RunTime:0.000000s ]
INFO: [ app_begin ] --END-- [ RunTime:0.000000s ]
NOTIC: [8] Use of undefined constant PRODUCT - assumed 'PRODUCT' F:\xampp\htdocs\Xinda\Apps\Xinda\Controller\WebInfoController.class.php 第 6 行.

[ 2017-04-10T11:29:25+08:00 ] 127.0.0.1 /Xinda/index.php/js/jquery.noty.js
INFO: [ app_init ] --START--
INFO: Run Behavior\BuildLiteBehavior [ RunTime:0.000000s ]
INFO: [ app_init ] --END-- [ RunTime:0.001000s ]
INFO: [ app_begin ] --START--
INFO: Run Behavior\ReadHtmlCacheBehavior [ RunTime:0.000000s ]
INFO: [ app_begin ] --END-- [ RunTime:0.000000s ]
NOTIC: [8] Use of undefined constant PRODUCT - assumed 'PRODUCT' F:\xampp\htdocs\Xinda\Apps\Xinda\Controller\WebInfoController.class.php 第 6 行.

[ 2017-04-10T11:29:25+08:00 ] 127.0.0.1 /Xinda/index.php/js/layouts/bottom.js
INFO: [ app_init ] --START--
INFO: Run Behavior\BuildLiteBehavior [ RunTime:0.000000s ]
INFO: [ app_init ] --END-- [ RunTime:0.000000s ]
INFO: [ app_begin ] --START--
INFO: Run Behavior\ReadHtmlCacheBehavior [ RunTime:0.000000s ]
INFO: [ app_begin ] --END-- [ RunTime:0.000000s ]
NOTIC: [8] Use of undefined constant PRODUCT - assumed 'PRODUCT' F:\xampp\htdocs\Xinda\Apps\Xinda\Controller\WebInfoController.class.php 第 6 行.

[ 2017-04-10T11:29:25+08:00 ] 127.0.0.1 /Xinda/index.php/js/layouts/topRight.js
INFO: [ app_init ] --START--
INFO: Run Behavior\BuildLiteBehavior [ RunTime:0.000000s ]
INFO: [ app_init ] --END-- [ RunTime:0.000000s ]
INFO: [ app_begin ] --START--
INFO: Run Behavior\ReadHtmlCacheBehavior [ RunTime:0.000000s ]
INFO: [ app_begin ] --END-- [ RunTime:0.000000s ]
NOTIC: [8] Use of undefined constant PRODUCT - assumed 'PRODUCT' F:\xampp\htdocs\Xinda\Apps\Xinda\Controller\WebInfoController.class.php 第 6 行.

[ 2017-04-10T11:29:25+08:00 ] 127.0.0.1 /Xinda/index.php/js/layouts/top.js
INFO: [ app_init ] --START--
INFO: Run Behavior\BuildLiteBehavior [ RunTime:0.000000s ]
INFO: [ app_init ] --END-- [ RunTime:0.000000s ]
INFO: [ app_begin ] --START--
INFO: Run Behavior\ReadHtmlCacheBehavior [ RunTime:0.000000s ]
INFO: [ app_begin ] --END-- [ RunTime:0.000000s ]
NOTIC: [8] Use of undefined constant PRODUCT - assumed 'PRODUCT' F:\xampp\htdocs\Xinda\Apps\Xinda\Controller\WebInfoController.class.php 第 6 行.

[ 2017-04-10T11:29:25+08:00 ] 127.0.0.1 /Xinda/index.php/js/sparklines.js
INFO: [ app_init ] --START--
INFO: Run Behavior\BuildLiteBehavior [ RunTime:0.000000s ]
INFO: [ app_init ] --END-- [ RunTime:0.000000s ]
INFO: [ app_begin ] --START--
INFO: Run Behavior\ReadHtmlCacheBehavior [ RunTime:0.000000s ]
INFO: [ app_begin ] --END-- [ RunTime:0.000000s ]
NOTIC: [8] Use of undefined constant PRODUCT - assumed 'PRODUCT' F:\xampp\htdocs\Xinda\Apps\Xinda\Controller\WebInfoController.class.php 第 6 行.

[ 2017-04-10T11:29:25+08:00 ] 127.0.0.1 /Xinda/index.php/js/jquery.cleditor.min.js
INFO: [ app_init ] --START--
INFO: Run Behavior\BuildLiteBehavior [ RunTime:0.000000s ]
INFO: [ app_init ] --END-- [ RunTime:0.000000s ]
INFO: [ app_begin ] --START--
INFO: Run Behavior\ReadHtmlCacheBehavior [ RunTime:0.001000s ]
INFO: [ app_begin ] --END-- [ RunTime:0.001000s ]
NOTIC: [8] Use of undefined constant PRODUCT - assumed 'PRODUCT' F:\xampp\htdocs\Xinda\Apps\Xinda\Controller\WebInfoController.class.php 第 6 行.

[ 2017-04-10T11:29:25+08:00 ] 127.0.0.1 /Xinda/index.php/js/bootstrap-datetimepicker.min.js
INFO: [ app_init ] --START--
INFO: Run Behavior\BuildLiteBehavior [ RunTime:0.000000s ]
INFO: [ app_init ] --END-- [ RunTime:0.001000s ]
INFO: [ app_begin ] --START--
INFO: Run Behavior\ReadHtmlCacheBehavior [ RunTime:0.000000s ]
INFO: [ app_begin ] --END-- [ RunTime:0.000000s ]
NOTIC: [8] Use of undefined constant PRODUCT - assumed 'PRODUCT' F:\xampp\htdocs\Xinda\Apps\Xinda\Controller\WebInfoController.class.php 第 6 行.

[ 2017-04-10T11:29:25+08:00 ] 127.0.0.1 /Xinda/index.php/js/jquery.uniform.min.js
INFO: [ app_init ] --START--
INFO: Run Behavior\BuildLiteBehavior [ RunTime:0.000000s ]
INFO: [ app_init ] --END-- [ RunTime:0.000000s ]
INFO: [ app_begin ] --START--
INFO: Run Behavior\ReadHtmlCacheBehavior [ RunTime:0.000000s ]
INFO: [ app_begin ] --END-- [ RunTime:0.000000s ]
NOTIC: [8] Use of undefined constant PRODUCT - assumed 'PRODUCT' F:\xampp\htdocs\Xinda\Apps\Xinda\Controller\WebInfoController.class.php 第 6 行.

[ 2017-04-10T11:29:25+08:00 ] 127.0.0.1 /Xinda/index.php/js/bootstrap-switch.min.js
INFO: [ app_init ] --START--
INFO: Run Behavior\BuildLiteBehavior [ RunTime:0.000000s ]
INFO: [ app_init ] --END-- [ RunTime:0.001000s ]
INFO: [ app_begin ] --START--
INFO: Run Behavior\ReadHtmlCacheBehavior [ RunTime:0.000000s ]
INFO: [ app_begin ] --END-- [ RunTime:0.000000s ]
NOTIC: [8] Use of undefined constant PRODUCT - assumed 'PRODUCT' F:\xampp\htdocs\Xinda\Apps\Xinda\Controller\WebInfoController.class.php 第 6 行.

[ 2017-04-10T11:29:25+08:00 ] 127.0.0.1 /Xinda/index.php/js/filter.js
INFO: [ app_init ] --START--
INFO: Run Behavior\BuildLiteBehavior [ RunTime:0.000000s ]
INFO: [ app_init ] --END-- [ RunTime:0.000000s ]
INFO: [ app_begin ] --START--
INFO: Run Behavior\ReadHtmlCacheBehavior [ RunTime:0.000000s ]
INFO: [ app_begin ] --END-- [ RunTime:0.000000s ]
NOTIC: [8] Use of undefined constant PRODUCT - assumed 'PRODUCT' F:\xampp\htdocs\Xinda\Apps\Xinda\Controller\WebInfoController.class.php 第 6 行.

[ 2017-04-10T11:29:25+08:00 ] 127.0.0.1 /Xinda/index.php/js/custom.js
INFO: [ app_init ] --START--
INFO: Run Behavior\BuildLiteBehavior [ RunTime:0.000000s ]
INFO: [ app_init ] --END-- [ RunTime:0.001000s ]
INFO: [ app_begin ] --START--
INFO: Run Behavior\ReadHtmlCacheBehavior [ RunTime:0.001000s ]
INFO: [ app_begin ] --END-- [ RunTime:0.001000s ]
NOTIC: [8] Use of undefined constant PRODUCT - assumed 'PRODUCT' F:\xampp\htdocs\Xinda\Apps\Xinda\Controller\WebInfoController.class.php 第 6 行.

[ 2017-04-10T11:29:25+08:00 ] 127.0.0.1 /Xinda/index.php/js/charts.js
INFO: [ app_init ] --START--
INFO: Run Behavior\BuildLiteBehavior [ RunTime:0.000000s ]
INFO: [ app_init ] --END-- [ RunTime:0.000000s ]
INFO: [ app_begin ] --START--
INFO: Run Behavior\ReadHtmlCacheBehavior [ RunTime:0.000000s ]
INFO: [ app_begin ] --END-- [ RunTime:0.000000s ]
NOTIC: [8] Use of undefined constant PRODUCT - assumed 'PRODUCT' F:\xampp\htdocs\Xinda\Apps\Xinda\Controller\WebInfoController.class.php 第 6 行.

[ 2017-04-10T11:29:25+08:00 ] 127.0.0.1 /Xinda/index.php/Xinda/Index.html
INFO: [ app_init ] --START--
INFO: Run Behavior\BuildLiteBehavior [ RunTime:0.000000s ]
INFO: [ app_init ] --END-- [ RunTime:0.000000s ]
INFO: [ app_begin ] --START--
INFO: Run Behavior\ReadHtmlCacheBehavior [ RunTime:0.000000s ]
INFO: [ app_begin ] --END-- [ RunTime:0.000000s ]
SQL: SHOW COLUMNS FROM `zt_product` [ RunTime:0.0030s ]
SQL: SELECT `web`,`adress`,`desc`,`phone`,`tel`,`qq`,`qz`,`url`,`record`,`path`,`img` FROM `zt_product` WHERE `qz` = 'Xinda' LIMIT 1   [ RunTime:0.0000s ]
NOTIC: [8] Undefined index: wxAppId F:\xampp\htdocs\Xinda\Apps\Xinda\Controller\IndexController.class.php 第 6 行.
NOTIC: [8] Undefined index: wxOpenId F:\xampp\htdocs\Xinda\Apps\Xinda\Controller\IndexController.class.php 第 7 行.
NOTIC: [2] Missing argument 2 for wxLogin(), called in F:\xampp\htdocs\Xinda\Apps\Xinda\Controller\IndexController.class.php on line 8 and defined F:\xampp\htdocs\Xinda\Apps\Common\Common\function.php 第 354 行.
NOTIC: [2] Missing argument 3 for wxLogin(), called in F:\xampp\htdocs\Xinda\Apps\Xinda\Controller\IndexController.class.php on line 8 and defined F:\xampp\htdocs\Xinda\Apps\Common\Common\function.php 第 354 行.
NOTIC: [2] Missing argument 4 for wxLogin(), called in F:\xampp\htdocs\Xinda\Apps\Xinda\Controller\IndexController.class.php on line 8 and defined F:\xampp\htdocs\Xinda\Apps\Common\Common\function.php 第 354 行.
NOTIC: [8] Undefined variable: openid F:\xampp\htdocs\Xinda\Apps\Common\Common\function.php 第 355 行.
SQL: SHOW COLUMNS FROM `zt_xd_prodservice` [ RunTime:0.0630s ]
SQL: SELECT `id`,`mark`,`name`,`state`,`content`,`money`,`smoney`,`num`,`istj`,`cate`,`path`,`img`,`utime` FROM `zt_xd_prodservice` WHERE `istj` = 1 AND `state` = '发布' ORDER BY utime desc  [ RunTime:0.0130s ]
INFO: [ view_parse ] --START--
INFO: [ template_filter ] --START--
INFO: Run Behavior\ContentReplaceBehavior [ RunTime:0.000000s ]
INFO: [ template_filter ] --END-- [ RunTime:0.000000s ]
NOTIC: [8] Undefined index: keywords F:\xampp\htdocs\Xinda\Runtime\Cache\Xinda\e8c145c7b5d86779b8b3cb83683506ae.php 第 8 行.
INFO: Run Behavior\ParseTemplateBehavior [ RunTime:0.008000s ]
INFO: [ view_parse ] --END-- [ RunTime:0.009000s ]
INFO: [ view_filter ] --START--
INFO: Run Behavior\WriteHtmlCacheBehavior [ RunTime:0.000000s ]
INFO: [ view_filter ] --END-- [ RunTime:0.000000s ]
INFO: [ app_end ] --START--
INFO: Run Behavior\ShowPageTraceBehavior [ RunTime:0.000000s ]
INFO: [ app_end ] --END-- [ RunTime:0.000000s ]

[ 2017-04-10T11:29:25+08:00 ] 127.0.0.1 /Xinda/index.php/Xinda/Index.html
INFO: [ app_init ] --START--
INFO: Run Behavior\BuildLiteBehavior [ RunTime:0.000000s ]
INFO: [ app_init ] --END-- [ RunTime:0.000000s ]
INFO: [ app_begin ] --START--
INFO: Run Behavior\ReadHtmlCacheBehavior [ RunTime:0.000000s ]
INFO: [ app_begin ] --END-- [ RunTime:0.000000s ]
SQL: SHOW COLUMNS FROM `zt_product` [ RunTime:0.0080s ]
SQL: SELECT `web`,`adress`,`desc`,`phone`,`tel`,`qq`,`qz`,`url`,`record`,`path`,`img` FROM `zt_product` WHERE `qz` = 'Xinda' LIMIT 1   [ RunTime:0.0000s ]
NOTIC: [8] Undefined index: wxAppId F:\xampp\htdocs\Xinda\Apps\Xinda\Controller\IndexController.class.php 第 6 行.
NOTIC: [8] Undefined index: wxOpenId F:\xampp\htdocs\Xinda\Apps\Xinda\Controller\IndexController.class.php 第 7 行.
NOTIC: [2] Missing argument 2 for wxLogin(), called in F:\xampp\htdocs\Xinda\Apps\Xinda\Controller\IndexController.class.php on line 8 and defined F:\xampp\htdocs\Xinda\Apps\Common\Common\function.php 第 354 行.
NOTIC: [2] Missing argument 3 for wxLogin(), called in F:\xampp\htdocs\Xinda\Apps\Xinda\Controller\IndexController.class.php on line 8 and defined F:\xampp\htdocs\Xinda\Apps\Common\Common\function.php 第 354 行.
NOTIC: [2] Missing argument 4 for wxLogin(), called in F:\xampp\htdocs\Xinda\Apps\Xinda\Controller\IndexController.class.php on line 8 and defined F:\xampp\htdocs\Xinda\Apps\Common\Common\function.php 第 354 行.
NOTIC: [8] Undefined variable: openid F:\xampp\htdocs\Xinda\Apps\Common\Common\function.php 第 355 行.
SQL: SHOW COLUMNS FROM `zt_xd_prodservice` [ RunTime:0.0020s ]
SQL: SELECT `id`,`mark`,`name`,`state`,`content`,`money`,`smoney`,`num`,`istj`,`cate`,`path`,`img`,`utime` FROM `zt_xd_prodservice` WHERE `istj` = 1 AND `state` = '发布' ORDER BY utime desc  [ RunTime:0.0000s ]
INFO: [ view_parse ] --START--
INFO: [ template_filter ] --START--
INFO: Run Behavior\ContentReplaceBehavior [ RunTime:0.000000s ]
INFO: [ template_filter ] --END-- [ RunTime:0.000000s ]
NOTIC: [8] Undefined index: keywords F:\xampp\htdocs\Xinda\Runtime\Cache\Xinda\e8c145c7b5d86779b8b3cb83683506ae.php 第 8 行.
INFO: Run Behavior\ParseTemplateBehavior [ RunTime:0.006000s ]
INFO: [ view_parse ] --END-- [ RunTime:0.006000s ]
INFO: [ view_filter ] --START--
INFO: Run Behavior\WriteHtmlCacheBehavior [ RunTime:0.000000s ]
INFO: [ view_filter ] --END-- [ RunTime:0.000000s ]
INFO: [ app_end ] --START--
INFO: Run Behavior\ShowPageTraceBehavior [ RunTime:0.000000s ]
INFO: [ app_end ] --END-- [ RunTime:0.000000s ]

[ 2017-04-10T11:29:25+08:00 ] 127.0.0.1 /Xinda/index.php/Xinda/Index.html
INFO: [ app_init ] --START--
INFO: Run Behavior\BuildLiteBehavior [ RunTime:0.000000s ]
INFO: [ app_init ] --END-- [ RunTime:0.000000s ]
INFO: [ app_begin ] --START--
INFO: Run Behavior\ReadHtmlCacheBehavior [ RunTime:0.000000s ]
INFO: [ app_begin ] --END-- [ RunTime:0.000000s ]
SQL: SHOW COLUMNS FROM `zt_product` [ RunTime:0.0020s ]
SQL: SELECT `web`,`adress`,`desc`,`phone`,`tel`,`qq`,`qz`,`url`,`record`,`path`,`img` FROM `zt_product` WHERE `qz` = 'Xinda' LIMIT 1   [ RunTime:0.0000s ]
NOTIC: [8] Undefined index: wxAppId F:\xampp\htdocs\Xinda\Apps\Xinda\Controller\IndexController.class.php 第 6 行.
NOTIC: [8] Undefined index: wxOpenId F:\xampp\htdocs\Xinda\Apps\Xinda\Controller\IndexController.class.php 第 7 行.
NOTIC: [2] Missing argument 2 for wxLogin(), called in F:\xampp\htdocs\Xinda\Apps\Xinda\Controller\IndexController.class.php on line 8 and defined F:\xampp\htdocs\Xinda\Apps\Common\Common\function.php 第 354 行.
NOTIC: [2] Missing argument 3 for wxLogin(), called in F:\xampp\htdocs\Xinda\Apps\Xinda\Controller\IndexController.class.php on line 8 and defined F:\xampp\htdocs\Xinda\Apps\Common\Common\function.php 第 354 行.
NOTIC: [2] Missing argument 4 for wxLogin(), called in F:\xampp\htdocs\Xinda\Apps\Xinda\Controller\IndexController.class.php on line 8 and defined F:\xampp\htdocs\Xinda\Apps\Common\Common\function.php 第 354 行.
NOTIC: [8] Undefined variable: openid F:\xampp\htdocs\Xinda\Apps\Common\Common\function.php 第 355 行.
SQL: SHOW COLUMNS FROM `zt_xd_prodservice` [ RunTime:0.0020s ]
SQL: SELECT `id`,`mark`,`name`,`state`,`content`,`money`,`smoney`,`num`,`istj`,`cate`,`path`,`img`,`utime` FROM `zt_xd_prodservice` WHERE `istj` = 1 AND `state` = '发布' ORDER BY utime desc  [ RunTime:0.0000s ]
INFO: [ view_parse ] --START--
INFO: [ template_filter ] --START--
INFO: Run Behavior\ContentReplaceBehavior [ RunTime:0.000000s ]
INFO: [ template_filter ] --END-- [ RunTime:0.000000s ]
NOTIC: [8] Undefined index: keywords F:\xampp\htdocs\Xinda\Runtime\Cache\Xinda\e8c145c7b5d86779b8b3cb83683506ae.php 第 8 行.
INFO: Run Behavior\ParseTemplateBehavior [ RunTime:0.006000s ]
INFO: [ view_parse ] --END-- [ RunTime:0.006000s ]
INFO: [ view_filter ] --START--
INFO: Run Behavior\WriteHtmlCacheBehavior [ RunTime:0.000000s ]
INFO: [ view_filter ] --END-- [ RunTime:0.000000s ]
INFO: [ app_end ] --START--
INFO: Run Behavior\ShowPageTraceBehavior [ RunTime:0.000000s ]
INFO: [ app_end ] --END-- [ RunTime:0.000000s ]

[ 2017-04-10T11:29:25+08:00 ] 127.0.0.1 /Xinda/index.php/Xinda/Index.html
INFO: [ app_init ] --START--
INFO: Run Behavior\BuildLiteBehavior [ RunTime:0.000000s ]
INFO: [ app_init ] --END-- [ RunTime:0.000000s ]
INFO: [ app_begin ] --START--
INFO: Run Behavior\ReadHtmlCacheBehavior [ RunTime:0.000000s ]
INFO: [ app_begin ] --END-- [ RunTime:0.000000s ]
SQL: SHOW COLUMNS FROM `zt_product` [ RunTime:0.0020s ]
SQL: SELECT `web`,`adress`,`desc`,`phone`,`tel`,`qq`,`qz`,`url`,`record`,`path`,`img` FROM `zt_product` WHERE `qz` = 'Xinda' LIMIT 1   [ RunTime:0.0000s ]
NOTIC: [8] Undefined index: wxAppId F:\xampp\htdocs\Xinda\Apps\Xinda\Controller\IndexController.class.php 第 6 行.
NOTIC: [8] Undefined index: wxOpenId F:\xampp\htdocs\Xinda\Apps\Xinda\Controller\IndexController.class.php 第 7 行.
NOTIC: [2] Missing argument 2 for wxLogin(), called in F:\xampp\htdocs\Xinda\Apps\Xinda\Controller\IndexController.class.php on line 8 and defined F:\xampp\htdocs\Xinda\Apps\Common\Common\function.php 第 354 行.
NOTIC: [2] Missing argument 3 for wxLogin(), called in F:\xampp\htdocs\Xinda\Apps\Xinda\Controller\IndexController.class.php on line 8 and defined F:\xampp\htdocs\Xinda\Apps\Common\Common\function.php 第 354 行.
NOTIC: [2] Missing argument 4 for wxLogin(), called in F:\xampp\htdocs\Xinda\Apps\Xinda\Controller\IndexController.class.php on line 8 and defined F:\xampp\htdocs\Xinda\Apps\Common\Common\function.php 第 354 行.
NOTIC: [8] Undefined variable: openid F:\xampp\htdocs\Xinda\Apps\Common\Common\function.php 第 355 行.
SQL: SHOW COLUMNS FROM `zt_xd_prodservice` [ RunTime:0.0020s ]
SQL: SELECT `id`,`mark`,`name`,`state`,`content`,`money`,`smoney`,`num`,`istj`,`cate`,`path`,`img`,`utime` FROM `zt_xd_prodservice` WHERE `istj` = 1 AND `state` = '发布' ORDER BY utime desc  [ RunTime:0.0010s ]
INFO: [ view_parse ] --START--
INFO: [ template_filter ] --START--
INFO: Run Behavior\ContentReplaceBehavior [ RunTime:0.001000s ]
INFO: [ template_filter ] --END-- [ RunTime:0.001000s ]
NOTIC: [8] Undefined index: keywords F:\xampp\htdocs\Xinda\Runtime\Cache\Xinda\e8c145c7b5d86779b8b3cb83683506ae.php 第 8 行.
INFO: Run Behavior\ParseTemplateBehavior [ RunTime:0.006001s ]
INFO: [ view_parse ] --END-- [ RunTime:0.006001s ]
INFO: [ view_filter ] --START--
INFO: Run Behavior\WriteHtmlCacheBehavior [ RunTime:0.000000s ]
INFO: [ view_filter ] --END-- [ RunTime:0.000000s ]
INFO: [ app_end ] --START--
INFO: Run Behavior\ShowPageTraceBehavior [ RunTime:0.000000s ]
INFO: [ app_end ] --END-- [ RunTime:0.000000s ]

[ 2017-04-10T11:29:25+08:00 ] 127.0.0.1 /Xinda/index.php/Xinda/Index.html
INFO: [ app_init ] --START--
INFO: Run Behavior\BuildLiteBehavior [ RunTime:0.000000s ]
INFO: [ app_init ] --END-- [ RunTime:0.000000s ]
INFO: [ app_begin ] --START--
INFO: Run Behavior\ReadHtmlCacheBehavior [ RunTime:0.000000s ]
INFO: [ app_begin ] --END-- [ RunTime:0.000000s ]
SQL: SHOW COLUMNS FROM `zt_product` [ RunTime:0.0020s ]
SQL: SELECT `web`,`adress`,`desc`,`phone`,`tel`,`qq`,`qz`,`url`,`record`,`path`,`img` FROM `zt_product` WHERE `qz` = 'Xinda' LIMIT 1   [ RunTime:0.0000s ]
NOTIC: [8] Undefined index: wxAppId F:\xampp\htdocs\Xinda\Apps\Xinda\Controller\IndexController.class.php 第 6 行.
NOTIC: [8] Undefined index: wxOpenId F:\xampp\htdocs\Xinda\Apps\Xinda\Controller\IndexController.class.php 第 7 行.
NOTIC: [2] Missing argument 2 for wxLogin(), called in F:\xampp\htdocs\Xinda\Apps\Xinda\Controller\IndexController.class.php on line 8 and defined F:\xampp\htdocs\Xinda\Apps\Common\Common\function.php 第 354 行.
NOTIC: [2] Missing argument 3 for wxLogin(), called in F:\xampp\htdocs\Xinda\Apps\Xinda\Controller\IndexController.class.php on line 8 and defined F:\xampp\htdocs\Xinda\Apps\Common\Common\function.php 第 354 行.
NOTIC: [2] Missing argument 4 for wxLogin(), called in F:\xampp\htdocs\Xinda\Apps\Xinda\Controller\IndexController.class.php on line 8 and defined F:\xampp\htdocs\Xinda\Apps\Common\Common\function.php 第 354 行.
NOTIC: [8] Undefined variable: openid F:\xampp\htdocs\Xinda\Apps\Common\Common\function.php 第 355 行.
SQL: SHOW COLUMNS FROM `zt_xd_prodservice` [ RunTime:0.0020s ]
SQL: SELECT `id`,`mark`,`name`,`state`,`content`,`money`,`smoney`,`num`,`istj`,`cate`,`path`,`img`,`utime` FROM `zt_xd_prodservice` WHERE `istj` = 1 AND `state` = '发布' ORDER BY utime desc  [ RunTime:0.0010s ]
INFO: [ view_parse ] --START--
INFO: [ template_filter ] --START--
INFO: Run Behavior\ContentReplaceBehavior [ RunTime:0.000000s ]
INFO: [ template_filter ] --END-- [ RunTime:0.001000s ]
NOTIC: [8] Undefined index: keywords F:\xampp\htdocs\Xinda\Runtime\Cache\Xinda\e8c145c7b5d86779b8b3cb83683506ae.php 第 8 行.
INFO: Run Behavior\ParseTemplateBehavior [ RunTime:0.006001s ]
INFO: [ view_parse ] --END-- [ RunTime:0.006001s ]
INFO: [ view_filter ] --START--
INFO: Run Behavior\WriteHtmlCacheBehavior [ RunTime:0.000000s ]
INFO: [ view_filter ] --END-- [ RunTime:0.000000s ]
INFO: [ app_end ] --START--
INFO: Run Behavior\ShowPageTraceBehavior [ RunTime:0.000000s ]
INFO: [ app_end ] --END-- [ RunTime:0.000000s ]

[ 2017-04-10T11:29:25+08:00 ] 127.0.0.1 /Xinda/index.php/Xinda/Index.html
INFO: [ app_init ] --START--
INFO: Run Behavior\BuildLiteBehavior [ RunTime:0.000000s ]
INFO: [ app_init ] --END-- [ RunTime:0.000000s ]
INFO: [ app_begin ] --START--
INFO: Run Behavior\ReadHtmlCacheBehavior [ RunTime:0.000000s ]
INFO: [ app_begin ] --END-- [ RunTime:0.000000s ]
SQL: SHOW COLUMNS FROM `zt_product` [ RunTime:0.0020s ]
SQL: SELECT `web`,`adress`,`desc`,`phone`,`tel`,`qq`,`qz`,`url`,`record`,`path`,`img` FROM `zt_product` WHERE `qz` = 'Xinda' LIMIT 1   [ RunTime:0.0000s ]
NOTIC: [8] Undefined index: wxAppId F:\xampp\htdocs\Xinda\Apps\Xinda\Controller\IndexController.class.php 第 6 行.
NOTIC: [8] Undefined index: wxOpenId F:\xampp\htdocs\Xinda\Apps\Xinda\Controller\IndexController.class.php 第 7 行.
NOTIC: [2] Missing argument 2 for wxLogin(), called in F:\xampp\htdocs\Xinda\Apps\Xinda\Controller\IndexController.class.php on line 8 and defined F:\xampp\htdocs\Xinda\Apps\Common\Common\function.php 第 354 行.
NOTIC: [2] Missing argument 3 for wxLogin(), called in F:\xampp\htdocs\Xinda\Apps\Xinda\Controller\IndexController.class.php on line 8 and defined F:\xampp\htdocs\Xinda\Apps\Common\Common\function.php 第 354 行.
NOTIC: [2] Missing argument 4 for wxLogin(), called in F:\xampp\htdocs\Xinda\Apps\Xinda\Controller\IndexController.class.php on line 8 and defined F:\xampp\htdocs\Xinda\Apps\Common\Common\function.php 第 354 行.
NOTIC: [8] Undefined variable: openid F:\xampp\htdocs\Xinda\Apps\Common\Common\function.php 第 355 行.
SQL: SHOW COLUMNS FROM `zt_xd_prodservice` [ RunTime:0.0020s ]
SQL: SELECT `id`,`mark`,`name`,`state`,`content`,`money`,`smoney`,`num`,`istj`,`cate`,`path`,`img`,`utime` FROM `zt_xd_prodservice` WHERE `istj` = 1 AND `state` = '发布' ORDER BY utime desc  [ RunTime:0.0010s ]
INFO: [ view_parse ] --START--
INFO: [ template_filter ] --START--
INFO: Run Behavior\ContentReplaceBehavior [ RunTime:0.000000s ]
INFO: [ template_filter ] --END-- [ RunTime:0.001000s ]
NOTIC: [8] Undefined index: keywords F:\xampp\htdocs\Xinda\Runtime\Cache\Xinda\e8c145c7b5d86779b8b3cb83683506ae.php 第 8 行.
INFO: Run Behavior\ParseTemplateBehavior [ RunTime:0.006000s ]
INFO: [ view_parse ] --END-- [ RunTime:0.006000s ]
INFO: [ view_filter ] --START--
INFO: Run Behavior\WriteHtmlCacheBehavior [ RunTime:0.000000s ]
INFO: [ view_filter ] --END-- [ RunTime:0.000000s ]
INFO: [ app_end ] --START--
INFO: Run Behavior\ShowPageTraceBehavior [ RunTime:0.000000s ]
INFO: [ app_end ] --END-- [ RunTime:0.000000s ]

[ 2017-04-10T11:29:25+08:00 ] 127.0.0.1 /Xinda/index.php/Xinda/Index.html
INFO: [ app_init ] --START--
INFO: Run Behavior\BuildLiteBehavior [ RunTime:0.000000s ]
INFO: [ app_init ] --END-- [ RunTime:0.000000s ]
INFO: [ app_begin ] --START--
INFO: Run Behavior\ReadHtmlCacheBehavior [ RunTime:0.000000s ]
INFO: [ app_begin ] --END-- [ RunTime:0.000000s ]
SQL: SHOW COLUMNS FROM `zt_product` [ RunTime:0.0020s ]
SQL: SELECT `web`,`adress`,`desc`,`phone`,`tel`,`qq`,`qz`,`url`,`record`,`path`,`img` FROM `zt_product` WHERE `qz` = 'Xinda' LIMIT 1   [ RunTime:0.0000s ]
NOTIC: [8] Undefined index: wxAppId F:\xampp\htdocs\Xinda\Apps\Xinda\Controller\IndexController.class.php 第 6 行.
NOTIC: [8] Undefined index: wxOpenId F:\xampp\htdocs\Xinda\Apps\Xinda\Controller\IndexController.class.php 第 7 行.
NOTIC: [2] Missing argument 2 for wxLogin(), called in F:\xampp\htdocs\Xinda\Apps\Xinda\Controller\IndexController.class.php on line 8 and defined F:\xampp\htdocs\Xinda\Apps\Common\Common\function.php 第 354 行.
NOTIC: [2] Missing argument 3 for wxLogin(), called in F:\xampp\htdocs\Xinda\Apps\Xinda\Controller\IndexController.class.php on line 8 and defined F:\xampp\htdocs\Xinda\Apps\Common\Common\function.php 第 354 行.
NOTIC: [2] Missing argument 4 for wxLogin(), called in F:\xampp\htdocs\Xinda\Apps\Xinda\Controller\IndexController.class.php on line 8 and defined F:\xampp\htdocs\Xinda\Apps\Common\Common\function.php 第 354 行.
NOTIC: [8] Undefined variable: openid F:\xampp\htdocs\Xinda\Apps\Common\Common\function.php 第 355 行.
SQL: SHOW COLUMNS FROM `zt_xd_prodservice` [ RunTime:0.0020s ]
SQL: SELECT `id`,`mark`,`name`,`state`,`content`,`money`,`smoney`,`num`,`istj`,`cate`,`path`,`img`,`utime` FROM `zt_xd_prodservice` WHERE `istj` = 1 AND `state` = '发布' ORDER BY utime desc  [ RunTime:0.0000s ]
INFO: [ view_parse ] --START--
INFO: [ template_filter ] --START--
INFO: Run Behavior\ContentReplaceBehavior [ RunTime:0.000000s ]
INFO: [ template_filter ] --END-- [ RunTime:0.000000s ]
NOTIC: [8] Undefined index: keywords F:\xampp\htdocs\Xinda\Runtime\Cache\Xinda\e8c145c7b5d86779b8b3cb83683506ae.php 第 8 行.
INFO: Run Behavior\ParseTemplateBehavior [ RunTime:0.006000s ]
INFO: [ view_parse ] --END-- [ RunTime:0.006000s ]
INFO: [ view_filter ] --START--
INFO: Run Behavior\WriteHtmlCacheBehavior [ RunTime:0.000000s ]
INFO: [ view_filter ] --END-- [ RunTime:0.000000s ]
INFO: [ app_end ] --START--
INFO: Run Behavior\ShowPageTraceBehavior [ RunTime:0.000000s ]
INFO: [ app_end ] --END-- [ RunTime:0.000000s ]

[ 2017-04-10T11:29:25+08:00 ] 127.0.0.1 /Xinda/index.php/Xinda/Index.html
INFO: [ app_init ] --START--
INFO: Run Behavior\BuildLiteBehavior [ RunTime:0.000000s ]
INFO: [ app_init ] --END-- [ RunTime:0.000000s ]
INFO: [ app_begin ] --START--
INFO: Run Behavior\ReadHtmlCacheBehavior [ RunTime:0.000000s ]
INFO: [ app_begin ] --END-- [ RunTime:0.000000s ]
SQL: SHOW COLUMNS FROM `zt_product` [ RunTime:0.0020s ]
SQL: SELECT `web`,`adress`,`desc`,`phone`,`tel`,`qq`,`qz`,`url`,`record`,`path`,`img` FROM `zt_product` WHERE `qz` = 'Xinda' LIMIT 1   [ RunTime:0.0010s ]
NOTIC: [8] Undefined index: wxAppId F:\xampp\htdocs\Xinda\Apps\Xinda\Controller\IndexController.class.php 第 6 行.
NOTIC: [8] Undefined index: wxOpenId F:\xampp\htdocs\Xinda\Apps\Xinda\Controller\IndexController.class.php 第 7 行.
NOTIC: [2] Missing argument 2 for wxLogin(), called in F:\xampp\htdocs\Xinda\Apps\Xinda\Controller\IndexController.class.php on line 8 and defined F:\xampp\htdocs\Xinda\Apps\Common\Common\function.php 第 354 行.
NOTIC: [2] Missing argument 3 for wxLogin(), called in F:\xampp\htdocs\Xinda\Apps\Xinda\Controller\IndexController.class.php on line 8 and defined F:\xampp\htdocs\Xinda\Apps\Common\Common\function.php 第 354 行.
NOTIC: [2] Missing argument 4 for wxLogin(), called in F:\xampp\htdocs\Xinda\Apps\Xinda\Controller\IndexController.class.php on line 8 and defined F:\xampp\htdocs\Xinda\Apps\Common\Common\function.php 第 354 行.
NOTIC: [8] Undefined variable: openid F:\xampp\htdocs\Xinda\Apps\Common\Common\function.php 第 355 行.
SQL: SHOW COLUMNS FROM `zt_xd_prodservice` [ RunTime:0.0020s ]
SQL: SELECT `id`,`mark`,`name`,`state`,`content`,`money`,`smoney`,`num`,`istj`,`cate`,`path`,`img`,`utime` FROM `zt_xd_prodservice` WHERE `istj` = 1 AND `state` = '发布' ORDER BY utime desc  [ RunTime:0.0010s ]
INFO: [ view_parse ] --START--
INFO: [ template_filter ] --START--
INFO: Run Behavior\ContentReplaceBehavior [ RunTime:0.000000s ]
INFO: [ template_filter ] --END-- [ RunTime:0.000000s ]
NOTIC: [8] Undefined index: keywords F:\xampp\htdocs\Xinda\Runtime\Cache\Xinda\e8c145c7b5d86779b8b3cb83683506ae.php 第 8 行.
INFO: Run Behavior\ParseTemplateBehavior [ RunTime:0.006000s ]
INFO: [ view_parse ] --END-- [ RunTime:0.006000s ]
INFO: [ view_filter ] --START--
INFO: Run Behavior\WriteHtmlCacheBehavior [ RunTime:0.000000s ]
INFO: [ view_filter ] --END-- [ RunTime:0.000000s ]
INFO: [ app_end ] --START--
INFO: Run Behavior\ShowPageTraceBehavior [ RunTime:0.001000s ]
INFO: [ app_end ] --END-- [ RunTime:0.001000s ]

[ 2017-04-10T11:29:25+08:00 ] 127.0.0.1 /Xinda/index.php/Xinda/Index.html
INFO: [ app_init ] --START--
INFO: Run Behavior\BuildLiteBehavior [ RunTime:0.000000s ]
INFO: [ app_init ] --END-- [ RunTime:0.000000s ]
INFO: [ app_begin ] --START--
INFO: Run Behavior\ReadHtmlCacheBehavior [ RunTime:0.000000s ]
INFO: [ app_begin ] --END-- [ RunTime:0.000000s ]
SQL: SHOW COLUMNS FROM `zt_product` [ RunTime:0.0020s ]
SQL: SELECT `web`,`adress`,`desc`,`phone`,`tel`,`qq`,`qz`,`url`,`record`,`path`,`img` FROM `zt_product` WHERE `qz` = 'Xinda' LIMIT 1   [ RunTime:0.0000s ]
NOTIC: [8] Undefined index: wxAppId F:\xampp\htdocs\Xinda\Apps\Xinda\Controller\IndexController.class.php 第 6 行.
NOTIC: [8] Undefined index: wxOpenId F:\xampp\htdocs\Xinda\Apps\Xinda\Controller\IndexController.class.php 第 7 行.
NOTIC: [2] Missing argument 2 for wxLogin(), called in F:\xampp\htdocs\Xinda\Apps\Xinda\Controller\IndexController.class.php on line 8 and defined F:\xampp\htdocs\Xinda\Apps\Common\Common\function.php 第 354 行.
NOTIC: [2] Missing argument 3 for wxLogin(), called in F:\xampp\htdocs\Xinda\Apps\Xinda\Controller\IndexController.class.php on line 8 and defined F:\xampp\htdocs\Xinda\Apps\Common\Common\function.php 第 354 行.
NOTIC: [2] Missing argument 4 for wxLogin(), called in F:\xampp\htdocs\Xinda\Apps\Xinda\Controller\IndexController.class.php on line 8 and defined F:\xampp\htdocs\Xinda\Apps\Common\Common\function.php 第 354 行.
NOTIC: [8] Undefined variable: openid F:\xampp\htdocs\Xinda\Apps\Common\Common\function.php 第 355 行.
SQL: SHOW COLUMNS FROM `zt_xd_prodservice` [ RunTime:0.0020s ]
SQL: SELECT `id`,`mark`,`name`,`state`,`content`,`money`,`smoney`,`num`,`istj`,`cate`,`path`,`img`,`utime` FROM `zt_xd_prodservice` WHERE `istj` = 1 AND `state` = '发布' ORDER BY utime desc  [ RunTime:0.0000s ]
INFO: [ view_parse ] --START--
INFO: [ template_filter ] --START--
INFO: Run Behavior\ContentReplaceBehavior [ RunTime:0.000000s ]
INFO: [ template_filter ] --END-- [ RunTime:0.000000s ]
NOTIC: [8] Undefined index: keywords F:\xampp\htdocs\Xinda\Runtime\Cache\Xinda\e8c145c7b5d86779b8b3cb83683506ae.php 第 8 行.
INFO: Run Behavior\ParseTemplateBehavior [ RunTime:0.006000s ]
INFO: [ view_parse ] --END-- [ RunTime:0.006000s ]
INFO: [ view_filter ] --START--
INFO: Run Behavior\WriteHtmlCacheBehavior [ RunTime:0.000000s ]
INFO: [ view_filter ] --END-- [ RunTime:0.000000s ]
INFO: [ app_end ] --START--
INFO: Run Behavior\ShowPageTraceBehavior [ RunTime:0.000000s ]
INFO: [ app_end ] --END-- [ RunTime:0.000000s ]

[ 2017-04-10T11:29:25+08:00 ] 127.0.0.1 /Xinda/index.php/Xinda/Index.html
INFO: [ app_init ] --START--
INFO: Run Behavior\BuildLiteBehavior [ RunTime:0.000000s ]
INFO: [ app_init ] --END-- [ RunTime:0.001000s ]
INFO: [ app_begin ] --START--
INFO: Run Behavior\ReadHtmlCacheBehavior [ RunTime:0.001000s ]
INFO: [ app_begin ] --END-- [ RunTime:0.001000s ]
SQL: SHOW COLUMNS FROM `zt_product` [ RunTime:0.0020s ]
SQL: SELECT `web`,`adress`,`desc`,`phone`,`tel`,`qq`,`qz`,`url`,`record`,`path`,`img` FROM `zt_product` WHERE `qz` = 'Xinda' LIMIT 1   [ RunTime:0.0000s ]
NOTIC: [8] Undefined index: wxAppId F:\xampp\htdocs\Xinda\Apps\Xinda\Controller\IndexController.class.php 第 6 行.
NOTIC: [8] Undefined index: wxOpenId F:\xampp\htdocs\Xinda\Apps\Xinda\Controller\IndexController.class.php 第 7 行.
NOTIC: [2] Missing argument 2 for wxLogin(), called in F:\xampp\htdocs\Xinda\Apps\Xinda\Controller\IndexController.class.php on line 8 and defined F:\xampp\htdocs\Xinda\Apps\Common\Common\function.php 第 354 行.
NOTIC: [2] Missing argument 3 for wxLogin(), called in F:\xampp\htdocs\Xinda\Apps\Xinda\Controller\IndexController.class.php on line 8 and defined F:\xampp\htdocs\Xinda\Apps\Common\Common\function.php 第 354 行.
NOTIC: [2] Missing argument 4 for wxLogin(), called in F:\xampp\htdocs\Xinda\Apps\Xinda\Controller\IndexController.class.php on line 8 and defined F:\xampp\htdocs\Xinda\Apps\Common\Common\function.php 第 354 行.
NOTIC: [8] Undefined variable: openid F:\xampp\htdocs\Xinda\Apps\Common\Common\function.php 第 355 行.
SQL: SHOW COLUMNS FROM `zt_xd_prodservice` [ RunTime:0.0020s ]
SQL: SELECT `id`,`mark`,`name`,`state`,`content`,`money`,`smoney`,`num`,`istj`,`cate`,`path`,`img`,`utime` FROM `zt_xd_prodservice` WHERE `istj` = 1 AND `state` = '发布' ORDER BY utime desc  [ RunTime:0.0010s ]
INFO: [ view_parse ] --START--
INFO: [ template_filter ] --START--
INFO: Run Behavior\ContentReplaceBehavior [ RunTime:0.001000s ]
INFO: [ template_filter ] --END-- [ RunTime:0.001000s ]
NOTIC: [8] Undefined index: keywords F:\xampp\htdocs\Xinda\Runtime\Cache\Xinda\e8c145c7b5d86779b8b3cb83683506ae.php 第 8 行.
INFO: Run Behavior\ParseTemplateBehavior [ RunTime:0.006001s ]
INFO: [ view_parse ] --END-- [ RunTime:0.006001s ]
INFO: [ view_filter ] --START--
INFO: Run Behavior\WriteHtmlCacheBehavior [ RunTime:0.000000s ]
INFO: [ view_filter ] --END-- [ RunTime:0.000000s ]
INFO: [ app_end ] --START--
INFO: Run Behavior\ShowPageTraceBehavior [ RunTime:0.000000s ]
INFO: [ app_end ] --END-- [ RunTime:0.000000s ]

[ 2017-04-10T11:29:25+08:00 ] 127.0.0.1 /Xinda/index.php/Xinda/Index.html
INFO: [ app_init ] --START--
INFO: Run Behavior\BuildLiteBehavior [ RunTime:0.000000s ]
INFO: [ app_init ] --END-- [ RunTime:0.000000s ]
INFO: [ app_begin ] --START--
INFO: Run Behavior\ReadHtmlCacheBehavior [ RunTime:0.000000s ]
INFO: [ app_begin ] --END-- [ RunTime:0.000000s ]
SQL: SHOW COLUMNS FROM `zt_product` [ RunTime:0.0010s ]
SQL: SELECT `web`,`adress`,`desc`,`phone`,`tel`,`qq`,`qz`,`url`,`record`,`path`,`img` FROM `zt_product` WHERE `qz` = 'Xinda' LIMIT 1   [ RunTime:0.0000s ]
NOTIC: [8] Undefined index: wxAppId F:\xampp\htdocs\Xinda\Apps\Xinda\Controller\IndexController.class.php 第 6 行.
NOTIC: [8] Undefined index: wxOpenId F:\xampp\htdocs\Xinda\Apps\Xinda\Controller\IndexController.class.php 第 7 行.
NOTIC: [2] Missing argument 2 for wxLogin(), called in F:\xampp\htdocs\Xinda\Apps\Xinda\Controller\IndexController.class.php on line 8 and defined F:\xampp\htdocs\Xinda\Apps\Common\Common\function.php 第 354 行.
NOTIC: [2] Missing argument 3 for wxLogin(), called in F:\xampp\htdocs\Xinda\Apps\Xinda\Controller\IndexController.class.php on line 8 and defined F:\xampp\htdocs\Xinda\Apps\Common\Common\function.php 第 354 行.
NOTIC: [2] Missing argument 4 for wxLogin(), called in F:\xampp\htdocs\Xinda\Apps\Xinda\Controller\IndexController.class.php on line 8 and defined F:\xampp\htdocs\Xinda\Apps\Common\Common\function.php 第 354 行.
NOTIC: [8] Undefined variable: openid F:\xampp\htdocs\Xinda\Apps\Common\Common\function.php 第 355 行.
SQL: SHOW COLUMNS FROM `zt_xd_prodservice` [ RunTime:0.0020s ]
SQL: SELECT `id`,`mark`,`name`,`state`,`content`,`money`,`smoney`,`num`,`istj`,`cate`,`path`,`img`,`utime` FROM `zt_xd_prodservice` WHERE `istj` = 1 AND `state` = '发布' ORDER BY utime desc  [ RunTime:0.0000s ]
INFO: [ view_parse ] --START--
INFO: [ template_filter ] --START--
INFO: Run Behavior\ContentReplaceBehavior [ RunTime:0.000000s ]
INFO: [ template_filter ] --END-- [ RunTime:0.000000s ]
NOTIC: [8] Undefined index: keywords F:\xampp\htdocs\Xinda\Runtime\Cache\Xinda\e8c145c7b5d86779b8b3cb83683506ae.php 第 8 行.
INFO: Run Behavior\ParseTemplateBehavior [ RunTime:0.004000s ]
INFO: [ view_parse ] --END-- [ RunTime:0.004000s ]
INFO: [ view_filter ] --START--
INFO: Run Behavior\WriteHtmlCacheBehavior [ RunTime:0.000000s ]
INFO: [ view_filter ] --END-- [ RunTime:0.000000s ]
INFO: [ app_end ] --START--
INFO: Run Behavior\ShowPageTraceBehavior [ RunTime:0.001000s ]
INFO: [ app_end ] --END-- [ RunTime:0.001000s ]

[ 2017-04-10T11:29:25+08:00 ] 127.0.0.1 /Xinda/index.php/Xinda/Index.html
INFO: [ app_init ] --START--
INFO: Run Behavior\BuildLiteBehavior [ RunTime:0.000000s ]
INFO: [ app_init ] --END-- [ RunTime:0.000000s ]
INFO: [ app_begin ] --START--
INFO: Run Behavior\ReadHtmlCacheBehavior [ RunTime:0.000000s ]
INFO: [ app_begin ] --END-- [ RunTime:0.000000s ]
SQL: SHOW COLUMNS FROM `zt_product` [ RunTime:0.0020s ]
SQL: SELECT `web`,`adress`,`desc`,`phone`,`tel`,`qq`,`qz`,`url`,`record`,`path`,`img` FROM `zt_product` WHERE `qz` = 'Xinda' LIMIT 1   [ RunTime:0.0000s ]
NOTIC: [8] Undefined index: wxAppId F:\xampp\htdocs\Xinda\Apps\Xinda\Controller\IndexController.class.php 第 6 行.
NOTIC: [8] Undefined index: wxOpenId F:\xampp\htdocs\Xinda\Apps\Xinda\Controller\IndexController.class.php 第 7 行.
NOTIC: [2] Missing argument 2 for wxLogin(), called in F:\xampp\htdocs\Xinda\Apps\Xinda\Controller\IndexController.class.php on line 8 and defined F:\xampp\htdocs\Xinda\Apps\Common\Common\function.php 第 354 行.
NOTIC: [2] Missing argument 3 for wxLogin(), called in F:\xampp\htdocs\Xinda\Apps\Xinda\Controller\IndexController.class.php on line 8 and defined F:\xampp\htdocs\Xinda\Apps\Common\Common\function.php 第 354 行.
NOTIC: [2] Missing argument 4 for wxLogin(), called in F:\xampp\htdocs\Xinda\Apps\Xinda\Controller\IndexController.class.php on line 8 and defined F:\xampp\htdocs\Xinda\Apps\Common\Common\function.php 第 354 行.
NOTIC: [8] Undefined variable: openid F:\xampp\htdocs\Xinda\Apps\Common\Common\function.php 第 355 行.
SQL: SHOW COLUMNS FROM `zt_xd_prodservice` [ RunTime:0.0020s ]
SQL: SELECT `id`,`mark`,`name`,`state`,`content`,`money`,`smoney`,`num`,`istj`,`cate`,`path`,`img`,`utime` FROM `zt_xd_prodservice` WHERE `istj` = 1 AND `state` = '发布' ORDER BY utime desc  [ RunTime:0.0000s ]
INFO: [ view_parse ] --START--
INFO: [ template_filter ] --START--
INFO: Run Behavior\ContentReplaceBehavior [ RunTime:0.000000s ]
INFO: [ template_filter ] --END-- [ RunTime:0.000000s ]
NOTIC: [8] Undefined index: keywords F:\xampp\htdocs\Xinda\Runtime\Cache\Xinda\e8c145c7b5d86779b8b3cb83683506ae.php 第 8 行.
INFO: Run Behavior\ParseTemplateBehavior [ RunTime:0.004001s ]
INFO: [ view_parse ] --END-- [ RunTime:0.004001s ]
INFO: [ view_filter ] --START--
INFO: Run Behavior\WriteHtmlCacheBehavior [ RunTime:0.000000s ]
INFO: [ view_filter ] --END-- [ RunTime:0.000000s ]
INFO: [ app_end ] --START--
INFO: Run Behavior\ShowPageTraceBehavior [ RunTime:0.000000s ]
INFO: [ app_end ] --END-- [ RunTime:0.000000s ]

[ 2017-04-10T11:29:25+08:00 ] 127.0.0.1 /Xinda/index.php/Xinda/Index.html
INFO: [ app_init ] --START--
INFO: Run Behavior\BuildLiteBehavior [ RunTime:0.000000s ]
INFO: [ app_init ] --END-- [ RunTime:0.001000s ]
INFO: [ app_begin ] --START--
INFO: Run Behavior\ReadHtmlCacheBehavior [ RunTime:0.001000s ]
INFO: [ app_begin ] --END-- [ RunTime:0.001000s ]
SQL: SHOW COLUMNS FROM `zt_product` [ RunTime:0.0010s ]
SQL: SELECT `web`,`adress`,`desc`,`phone`,`tel`,`qq`,`qz`,`url`,`record`,`path`,`img` FROM `zt_product` WHERE `qz` = 'Xinda' LIMIT 1   [ RunTime:0.0000s ]
NOTIC: [8] Undefined index: wxAppId F:\xampp\htdocs\Xinda\Apps\Xinda\Controller\IndexController.class.php 第 6 行.
NOTIC: [8] Undefined index: wxOpenId F:\xampp\htdocs\Xinda\Apps\Xinda\Controller\IndexController.class.php 第 7 行.
NOTIC: [2] Missing argument 2 for wxLogin(), called in F:\xampp\htdocs\Xinda\Apps\Xinda\Controller\IndexController.class.php on line 8 and defined F:\xampp\htdocs\Xinda\Apps\Common\Common\function.php 第 354 行.
NOTIC: [2] Missing argument 3 for wxLogin(), called in F:\xampp\htdocs\Xinda\Apps\Xinda\Controller\IndexController.class.php on line 8 and defined F:\xampp\htdocs\Xinda\Apps\Common\Common\function.php 第 354 行.
NOTIC: [2] Missing argument 4 for wxLogin(), called in F:\xampp\htdocs\Xinda\Apps\Xinda\Controller\IndexController.class.php on line 8 and defined F:\xampp\htdocs\Xinda\Apps\Common\Common\function.php 第 354 行.
NOTIC: [8] Undefined variable: openid F:\xampp\htdocs\Xinda\Apps\Common\Common\function.php 第 355 行.
SQL: SHOW COLUMNS FROM `zt_xd_prodservice` [ RunTime:0.0010s ]
SQL: SELECT `id`,`mark`,`name`,`state`,`content`,`money`,`smoney`,`num`,`istj`,`cate`,`path`,`img`,`utime` FROM `zt_xd_prodservice` WHERE `istj` = 1 AND `state` = '发布' ORDER BY utime desc  [ RunTime:0.0010s ]
INFO: [ view_parse ] --START--
INFO: [ template_filter ] --START--
INFO: Run Behavior\ContentReplaceBehavior [ RunTime:0.000000s ]
INFO: [ template_filter ] --END-- [ RunTime:0.000000s ]
NOTIC: [8] Undefined index: keywords F:\xampp\htdocs\Xinda\Runtime\Cache\Xinda\e8c145c7b5d86779b8b3cb83683506ae.php 第 8 行.
INFO: Run Behavior\ParseTemplateBehavior [ RunTime:0.004001s ]
INFO: [ view_parse ] --END-- [ RunTime:0.004001s ]
INFO: [ view_filter ] --START--
INFO: Run Behavior\WriteHtmlCacheBehavior [ RunTime:0.000000s ]
INFO: [ view_filter ] --END-- [ RunTime:0.000000s ]
INFO: [ app_end ] --START--
INFO: Run Behavior\ShowPageTraceBehavior [ RunTime:0.000000s ]
INFO: [ app_end ] --END-- [ RunTime:0.000000s ]

[ 2017-04-10T11:29:25+08:00 ] 127.0.0.1 /Xinda/index.php/Xinda/Index.html
INFO: [ app_init ] --START--
INFO: Run Behavior\BuildLiteBehavior [ RunTime:0.000000s ]
INFO: [ app_init ] --END-- [ RunTime:0.000000s ]
INFO: [ app_begin ] --START--
INFO: Run Behavior\ReadHtmlCacheBehavior [ RunTime:0.000000s ]
INFO: [ app_begin ] --END-- [ RunTime:0.000000s ]
SQL: SHOW COLUMNS FROM `zt_product` [ RunTime:0.0020s ]
SQL: SELECT `web`,`adress`,`desc`,`phone`,`tel`,`qq`,`qz`,`url`,`record`,`path`,`img` FROM `zt_product` WHERE `qz` = 'Xinda' LIMIT 1   [ RunTime:0.0000s ]
NOTIC: [8] Undefined index: wxAppId F:\xampp\htdocs\Xinda\Apps\Xinda\Controller\IndexController.class.php 第 6 行.
NOTIC: [8] Undefined index: wxOpenId F:\xampp\htdocs\Xinda\Apps\Xinda\Controller\IndexController.class.php 第 7 行.
NOTIC: [2] Missing argument 2 for wxLogin(), called in F:\xampp\htdocs\Xinda\Apps\Xinda\Controller\IndexController.class.php on line 8 and defined F:\xampp\htdocs\Xinda\Apps\Common\Common\function.php 第 354 行.
NOTIC: [2] Missing argument 3 for wxLogin(), called in F:\xampp\htdocs\Xinda\Apps\Xinda\Controller\IndexController.class.php on line 8 and defined F:\xampp\htdocs\Xinda\Apps\Common\Common\function.php 第 354 行.
NOTIC: [2] Missing argument 4 for wxLogin(), called in F:\xampp\htdocs\Xinda\Apps\Xinda\Controller\IndexController.class.php on line 8 and defined F:\xampp\htdocs\Xinda\Apps\Common\Common\function.php 第 354 行.
NOTIC: [8] Undefined variable: openid F:\xampp\htdocs\Xinda\Apps\Common\Common\function.php 第 355 行.
SQL: SHOW COLUMNS FROM `zt_xd_prodservice` [ RunTime:0.0010s ]
SQL: SELECT `id`,`mark`,`name`,`state`,`content`,`money`,`smoney`,`num`,`istj`,`cate`,`path`,`img`,`utime` FROM `zt_xd_prodservice` WHERE `istj` = 1 AND `state` = '发布' ORDER BY utime desc  [ RunTime:0.0010s ]
INFO: [ view_parse ] --START--
INFO: [ template_filter ] --START--
INFO: Run Behavior\ContentReplaceBehavior [ RunTime:0.001000s ]
INFO: [ template_filter ] --END-- [ RunTime:0.001000s ]
NOTIC: [8] Undefined index: keywords F:\xampp\htdocs\Xinda\Runtime\Cache\Xinda\e8c145c7b5d86779b8b3cb83683506ae.php 第 8 行.
INFO: Run Behavior\ParseTemplateBehavior [ RunTime:0.003000s ]
INFO: [ view_parse ] --END-- [ RunTime:0.003000s ]
INFO: [ view_filter ] --START--
INFO: Run Behavior\WriteHtmlCacheBehavior [ RunTime:0.001000s ]
INFO: [ view_filter ] --END-- [ RunTime:0.001000s ]
INFO: [ app_end ] --START--
INFO: Run Behavior\ShowPageTraceBehavior [ RunTime:0.000000s ]
INFO: [ app_end ] --END-- [ RunTime:0.000000s ]

[ 2017-04-10T11:29:25+08:00 ] 127.0.0.1 /Xinda/index.php/Xinda/Index.html
INFO: [ app_init ] --START--
INFO: Run Behavior\BuildLiteBehavior [ RunTime:0.000000s ]
INFO: [ app_init ] --END-- [ RunTime:0.000000s ]
INFO: [ app_begin ] --START--
INFO: Run Behavior\ReadHtmlCacheBehavior [ RunTime:0.000000s ]
INFO: [ app_begin ] --END-- [ RunTime:0.000000s ]
SQL: SHOW COLUMNS FROM `zt_product` [ RunTime:0.0020s ]
SQL: SELECT `web`,`adress`,`desc`,`phone`,`tel`,`qq`,`qz`,`url`,`record`,`path`,`img` FROM `zt_product` WHERE `qz` = 'Xinda' LIMIT 1   [ RunTime:0.0000s ]
NOTIC: [8] Undefined index: wxAppId F:\xampp\htdocs\Xinda\Apps\Xinda\Controller\IndexController.class.php 第 6 行.
NOTIC: [8] Undefined index: wxOpenId F:\xampp\htdocs\Xinda\Apps\Xinda\Controller\IndexController.class.php 第 7 行.
NOTIC: [2] Missing argument 2 for wxLogin(), called in F:\xampp\htdocs\Xinda\Apps\Xinda\Controller\IndexController.class.php on line 8 and defined F:\xampp\htdocs\Xinda\Apps\Common\Common\function.php 第 354 行.
NOTIC: [2] Missing argument 3 for wxLogin(), called in F:\xampp\htdocs\Xinda\Apps\Xinda\Controller\IndexController.class.php on line 8 and defined F:\xampp\htdocs\Xinda\Apps\Common\Common\function.php 第 354 行.
NOTIC: [2] Missing argument 4 for wxLogin(), called in F:\xampp\htdocs\Xinda\Apps\Xinda\Controller\IndexController.class.php on line 8 and defined F:\xampp\htdocs\Xinda\Apps\Common\Common\function.php 第 354 行.
NOTIC: [8] Undefined variable: openid F:\xampp\htdocs\Xinda\Apps\Common\Common\function.php 第 355 行.
SQL: SHOW COLUMNS FROM `zt_xd_prodservice` [ RunTime:0.0020s ]
SQL: SELECT `id`,`mark`,`name`,`state`,`content`,`money`,`smoney`,`num`,`istj`,`cate`,`path`,`img`,`utime` FROM `zt_xd_prodservice` WHERE `istj` = 1 AND `state` = '发布' ORDER BY utime desc  [ RunTime:0.0000s ]
INFO: [ view_parse ] --START--
INFO: [ template_filter ] --START--
INFO: Run Behavior\ContentReplaceBehavior [ RunTime:0.000000s ]
INFO: [ template_filter ] --END-- [ RunTime:0.000000s ]
NOTIC: [8] Undefined index: keywords F:\xampp\htdocs\Xinda\Runtime\Cache\Xinda\e8c145c7b5d86779b8b3cb83683506ae.php 第 8 行.
INFO: Run Behavior\ParseTemplateBehavior [ RunTime:0.004001s ]
INFO: [ view_parse ] --END-- [ RunTime:0.004001s ]
INFO: [ view_filter ] --START--
INFO: Run Behavior\WriteHtmlCacheBehavior [ RunTime:0.000000s ]
INFO: [ view_filter ] --END-- [ RunTime:0.000000s ]
INFO: [ app_end ] --START--
INFO: Run Behavior\ShowPageTraceBehavior [ RunTime:0.001000s ]
INFO: [ app_end ] --END-- [ RunTime:0.001000s ]

[ 2017-04-10T11:29:25+08:00 ] 127.0.0.1 /Xinda/index.php/Xinda/Index.html
INFO: [ app_init ] --START--
INFO: Run Behavior\BuildLiteBehavior [ RunTime:0.000000s ]
INFO: [ app_init ] --END-- [ RunTime:0.000000s ]
INFO: [ app_begin ] --START--
INFO: Run Behavior\ReadHtmlCacheBehavior [ RunTime:0.000000s ]
INFO: [ app_begin ] --END-- [ RunTime:0.000000s ]
SQL: SHOW COLUMNS FROM `zt_product` [ RunTime:0.0020s ]
SQL: SELECT `web`,`adress`,`desc`,`phone`,`tel`,`qq`,`qz`,`url`,`record`,`path`,`img` FROM `zt_product` WHERE `qz` = 'Xinda' LIMIT 1   [ RunTime:0.0000s ]
NOTIC: [8] Undefined index: wxAppId F:\xampp\htdocs\Xinda\Apps\Xinda\Controller\IndexController.class.php 第 6 行.
NOTIC: [8] Undefined index: wxOpenId F:\xampp\htdocs\Xinda\Apps\Xinda\Controller\IndexController.class.php 第 7 行.
NOTIC: [2] Missing argument 2 for wxLogin(), called in F:\xampp\htdocs\Xinda\Apps\Xinda\Controller\IndexController.class.php on line 8 and defined F:\xampp\htdocs\Xinda\Apps\Common\Common\function.php 第 354 行.
NOTIC: [2] Missing argument 3 for wxLogin(), called in F:\xampp\htdocs\Xinda\Apps\Xinda\Controller\IndexController.class.php on line 8 and defined F:\xampp\htdocs\Xinda\Apps\Common\Common\function.php 第 354 行.
NOTIC: [2] Missing argument 4 for wxLogin(), called in F:\xampp\htdocs\Xinda\Apps\Xinda\Controller\IndexController.class.php on line 8 and defined F:\xampp\htdocs\Xinda\Apps\Common\Common\function.php 第 354 行.
NOTIC: [8] Undefined variable: openid F:\xampp\htdocs\Xinda\Apps\Common\Common\function.php 第 355 行.
SQL: SHOW COLUMNS FROM `zt_xd_prodservice` [ RunTime:0.0010s ]
SQL: SELECT `id`,`mark`,`name`,`state`,`content`,`money`,`smoney`,`num`,`istj`,`cate`,`path`,`img`,`utime` FROM `zt_xd_prodservice` WHERE `istj` = 1 AND `state` = '发布' ORDER BY utime desc  [ RunTime:0.0010s ]
INFO: [ view_parse ] --START--
INFO: [ template_filter ] --START--
INFO: Run Behavior\ContentReplaceBehavior [ RunTime:0.000000s ]
INFO: [ template_filter ] --END-- [ RunTime:0.000000s ]
NOTIC: [8] Undefined index: keywords F:\xampp\htdocs\Xinda\Runtime\Cache\Xinda\e8c145c7b5d86779b8b3cb83683506ae.php 第 8 行.
INFO: Run Behavior\ParseTemplateBehavior [ RunTime:0.004001s ]
INFO: [ view_parse ] --END-- [ RunTime:0.004001s ]
INFO: [ view_filter ] --START--
INFO: Run Behavior\WriteHtmlCacheBehavior [ RunTime:0.000000s ]
INFO: [ view_filter ] --END-- [ RunTime:0.000000s ]
INFO: [ app_end ] --START--
INFO: Run Behavior\ShowPageTraceBehavior [ RunTime:0.000000s ]
INFO: [ app_end ] --END-- [ RunTime:0.000000s ]

[ 2017-04-10T11:29:25+08:00 ] 127.0.0.1 /Xinda/index.php/Xinda/Index.html
INFO: [ app_init ] --START--
INFO: Run Behavior\BuildLiteBehavior [ RunTime:0.000000s ]
INFO: [ app_init ] --END-- [ RunTime:0.000000s ]
INFO: [ app_begin ] --START--
INFO: Run Behavior\ReadHtmlCacheBehavior [ RunTime:0.000000s ]
INFO: [ app_begin ] --END-- [ RunTime:0.000000s ]
SQL: SHOW COLUMNS FROM `zt_product` [ RunTime:0.0010s ]
SQL: SELECT `web`,`adress`,`desc`,`phone`,`tel`,`qq`,`qz`,`url`,`record`,`path`,`img` FROM `zt_product` WHERE `qz` = 'Xinda' LIMIT 1   [ RunTime:0.0000s ]
NOTIC: [8] Undefined index: wxAppId F:\xampp\htdocs\Xinda\Apps\Xinda\Controller\IndexController.class.php 第 6 行.
NOTIC: [8] Undefined index: wxOpenId F:\xampp\htdocs\Xinda\Apps\Xinda\Controller\IndexController.class.php 第 7 行.
NOTIC: [2] Missing argument 2 for wxLogin(), called in F:\xampp\htdocs\Xinda\Apps\Xinda\Controller\IndexController.class.php on line 8 and defined F:\xampp\htdocs\Xinda\Apps\Common\Common\function.php 第 354 行.
NOTIC: [2] Missing argument 3 for wxLogin(), called in F:\xampp\htdocs\Xinda\Apps\Xinda\Controller\IndexController.class.php on line 8 and defined F:\xampp\htdocs\Xinda\Apps\Common\Common\function.php 第 354 行.
NOTIC: [2] Missing argument 4 for wxLogin(), called in F:\xampp\htdocs\Xinda\Apps\Xinda\Controller\IndexController.class.php on line 8 and defined F:\xampp\htdocs\Xinda\Apps\Common\Common\function.php 第 354 行.
NOTIC: [8] Undefined variable: openid F:\xampp\htdocs\Xinda\Apps\Common\Common\function.php 第 355 行.
SQL: SHOW COLUMNS FROM `zt_xd_prodservice` [ RunTime:0.0010s ]
SQL: SELECT `id`,`mark`,`name`,`state`,`content`,`money`,`smoney`,`num`,`istj`,`cate`,`path`,`img`,`utime` FROM `zt_xd_prodservice` WHERE `istj` = 1 AND `state` = '发布' ORDER BY utime desc  [ RunTime:0.0010s ]
INFO: [ view_parse ] --START--
INFO: [ template_filter ] --START--
INFO: Run Behavior\ContentReplaceBehavior [ RunTime:0.000000s ]
INFO: [ template_filter ] --END-- [ RunTime:0.000000s ]
NOTIC: [8] Undefined index: keywords F:\xampp\htdocs\Xinda\Runtime\Cache\Xinda\e8c145c7b5d86779b8b3cb83683506ae.php 第 8 行.
INFO: Run Behavior\ParseTemplateBehavior [ RunTime:0.004000s ]
INFO: [ view_parse ] --END-- [ RunTime:0.004000s ]
INFO: [ view_filter ] --START--
INFO: Run Behavior\WriteHtmlCacheBehavior [ RunTime:0.000000s ]
INFO: [ view_filter ] --END-- [ RunTime:0.000000s ]
INFO: [ app_end ] --START--
INFO: Run Behavior\ShowPageTraceBehavior [ RunTime:0.000000s ]
INFO: [ app_end ] --END-- [ RunTime:0.000000s ]

[ 2017-04-10T11:29:25+08:00 ] 127.0.0.1 /Xinda/index.php/Xinda/Index.html
INFO: [ app_init ] --START--
INFO: Run Behavior\BuildLiteBehavior [ RunTime:0.000000s ]
INFO: [ app_init ] --END-- [ RunTime:0.000000s ]
INFO: [ app_begin ] --START--
INFO: Run Behavior\ReadHtmlCacheBehavior [ RunTime:0.000000s ]
INFO: [ app_begin ] --END-- [ RunTime:0.000000s ]
SQL: SHOW COLUMNS FROM `zt_product` [ RunTime:0.0010s ]
SQL: SELECT `web`,`adress`,`desc`,`phone`,`tel`,`qq`,`qz`,`url`,`record`,`path`,`img` FROM `zt_product` WHERE `qz` = 'Xinda' LIMIT 1   [ RunTime:0.0000s ]
NOTIC: [8] Undefined index: wxAppId F:\xampp\htdocs\Xinda\Apps\Xinda\Controller\IndexController.class.php 第 6 行.
NOTIC: [8] Undefined index: wxOpenId F:\xampp\htdocs\Xinda\Apps\Xinda\Controller\IndexController.class.php 第 7 行.
NOTIC: [2] Missing argument 2 for wxLogin(), called in F:\xampp\htdocs\Xinda\Apps\Xinda\Controller\IndexController.class.php on line 8 and defined F:\xampp\htdocs\Xinda\Apps\Common\Common\function.php 第 354 行.
NOTIC: [2] Missing argument 3 for wxLogin(), called in F:\xampp\htdocs\Xinda\Apps\Xinda\Controller\IndexController.class.php on line 8 and defined F:\xampp\htdocs\Xinda\Apps\Common\Common\function.php 第 354 行.
NOTIC: [2] Missing argument 4 for wxLogin(), called in F:\xampp\htdocs\Xinda\Apps\Xinda\Controller\IndexController.class.php on line 8 and defined F:\xampp\htdocs\Xinda\Apps\Common\Common\function.php 第 354 行.
NOTIC: [8] Undefined variable: openid F:\xampp\htdocs\Xinda\Apps\Common\Common\function.php 第 355 行.
SQL: SHOW COLUMNS FROM `zt_xd_prodservice` [ RunTime:0.0010s ]
SQL: SELECT `id`,`mark`,`name`,`state`,`content`,`money`,`smoney`,`num`,`istj`,`cate`,`path`,`img`,`utime` FROM `zt_xd_prodservice` WHERE `istj` = 1 AND `state` = '发布' ORDER BY utime desc  [ RunTime:0.0000s ]
INFO: [ view_parse ] --START--
INFO: [ template_filter ] --START--
INFO: Run Behavior\ContentReplaceBehavior [ RunTime:0.000000s ]
INFO: [ template_filter ] --END-- [ RunTime:0.000000s ]
NOTIC: [8] Undefined index: keywords F:\xampp\htdocs\Xinda\Runtime\Cache\Xinda\e8c145c7b5d86779b8b3cb83683506ae.php 第 8 行.
INFO: Run Behavior\ParseTemplateBehavior [ RunTime:0.004000s ]
INFO: [ view_parse ] --END-- [ RunTime:0.004000s ]
INFO: [ view_filter ] --START--
INFO: Run Behavior\WriteHtmlCacheBehavior [ RunTime:0.000000s ]
INFO: [ view_filter ] --END-- [ RunTime:0.000000s ]
INFO: [ app_end ] --START--
INFO: Run Behavior\ShowPageTraceBehavior [ RunTime:0.000000s ]
INFO: [ app_end ] --END-- [ RunTime:0.000000s ]

[ 2017-04-10T11:29:25+08:00 ] 127.0.0.1 /Xinda/index.php/Xinda/Index.html
INFO: [ app_init ] --START--
INFO: Run Behavior\BuildLiteBehavior [ RunTime:0.000000s ]
INFO: [ app_init ] --END-- [ RunTime:0.000000s ]
INFO: [ app_begin ] --START--
INFO: Run Behavior\ReadHtmlCacheBehavior [ RunTime:0.000000s ]
INFO: [ app_begin ] --END-- [ RunTime:0.000000s ]
SQL: SHOW COLUMNS FROM `zt_product` [ RunTime:0.0010s ]
SQL: SELECT `web`,`adress`,`desc`,`phone`,`tel`,`qq`,`qz`,`url`,`record`,`path`,`img` FROM `zt_product` WHERE `qz` = 'Xinda' LIMIT 1   [ RunTime:0.0000s ]
NOTIC: [8] Undefined index: wxAppId F:\xampp\htdocs\Xinda\Apps\Xinda\Controller\IndexController.class.php 第 6 行.
NOTIC: [8] Undefined index: wxOpenId F:\xampp\htdocs\Xinda\Apps\Xinda\Controller\IndexController.class.php 第 7 行.
NOTIC: [2] Missing argument 2 for wxLogin(), called in F:\xampp\htdocs\Xinda\Apps\Xinda\Controller\IndexController.class.php on line 8 and defined F:\xampp\htdocs\Xinda\Apps\Common\Common\function.php 第 354 行.
NOTIC: [2] Missing argument 3 for wxLogin(), called in F:\xampp\htdocs\Xinda\Apps\Xinda\Controller\IndexController.class.php on line 8 and defined F:\xampp\htdocs\Xinda\Apps\Common\Common\function.php 第 354 行.
NOTIC: [2] Missing argument 4 for wxLogin(), called in F:\xampp\htdocs\Xinda\Apps\Xinda\Controller\IndexController.class.php on line 8 and defined F:\xampp\htdocs\Xinda\Apps\Common\Common\function.php 第 354 行.
NOTIC: [8] Undefined variable: openid F:\xampp\htdocs\Xinda\Apps\Common\Common\function.php 第 355 行.
SQL: SHOW COLUMNS FROM `zt_xd_prodservice` [ RunTime:0.0010s ]
SQL: SELECT `id`,`mark`,`name`,`state`,`content`,`money`,`smoney`,`num`,`istj`,`cate`,`path`,`img`,`utime` FROM `zt_xd_prodservice` WHERE `istj` = 1 AND `state` = '发布' ORDER BY utime desc  [ RunTime:0.0000s ]
INFO: [ view_parse ] --START--
INFO: [ template_filter ] --START--
INFO: Run Behavior\ContentReplaceBehavior [ RunTime:0.000000s ]
INFO: [ template_filter ] --END-- [ RunTime:0.000000s ]
NOTIC: [8] Undefined index: keywords F:\xampp\htdocs\Xinda\Runtime\Cache\Xinda\e8c145c7b5d86779b8b3cb83683506ae.php 第 8 行.
INFO: Run Behavior\ParseTemplateBehavior [ RunTime:0.004000s ]
INFO: [ view_parse ] --END-- [ RunTime:0.004000s ]
INFO: [ view_filter ] --START--
INFO: Run Behavior\WriteHtmlCacheBehavior [ RunTime:0.000000s ]
INFO: [ view_filter ] --END-- [ RunTime:0.000000s ]
INFO: [ app_end ] --START--
INFO: Run Behavior\ShowPageTraceBehavior [ RunTime:0.001000s ]
INFO: [ app_end ] --END-- [ RunTime:0.001000s ]

[ 2017-04-10T11:29:25+08:00 ] 127.0.0.1 /Xinda/index.php/Xinda/Index.html
INFO: [ app_init ] --START--
INFO: Run Behavior\BuildLiteBehavior [ RunTime:0.000000s ]
INFO: [ app_init ] --END-- [ RunTime:0.000000s ]
INFO: [ app_begin ] --START--
INFO: Run Behavior\ReadHtmlCacheBehavior [ RunTime:0.000000s ]
INFO: [ app_begin ] --END-- [ RunTime:0.000000s ]
SQL: SHOW COLUMNS FROM `zt_product` [ RunTime:0.0020s ]
SQL: SELECT `web`,`adress`,`desc`,`phone`,`tel`,`qq`,`qz`,`url`,`record`,`path`,`img` FROM `zt_product` WHERE `qz` = 'Xinda' LIMIT 1   [ RunTime:0.0000s ]
NOTIC: [8] Undefined index: wxAppId F:\xampp\htdocs\Xinda\Apps\Xinda\Controller\IndexController.class.php 第 6 行.
NOTIC: [8] Undefined index: wxOpenId F:\xampp\htdocs\Xinda\Apps\Xinda\Controller\IndexController.class.php 第 7 行.
NOTIC: [2] Missing argument 2 for wxLogin(), called in F:\xampp\htdocs\Xinda\Apps\Xinda\Controller\IndexController.class.php on line 8 and defined F:\xampp\htdocs\Xinda\Apps\Common\Common\function.php 第 354 行.
NOTIC: [2] Missing argument 3 for wxLogin(), called in F:\xampp\htdocs\Xinda\Apps\Xinda\Controller\IndexController.class.php on line 8 and defined F:\xampp\htdocs\Xinda\Apps\Common\Common\function.php 第 354 行.
NOTIC: [2] Missing argument 4 for wxLogin(), called in F:\xampp\htdocs\Xinda\Apps\Xinda\Controller\IndexController.class.php on line 8 and defined F:\xampp\htdocs\Xinda\Apps\Common\Common\function.php 第 354 行.
NOTIC: [8] Undefined variable: openid F:\xampp\htdocs\Xinda\Apps\Common\Common\function.php 第 355 行.
SQL: SHOW COLUMNS FROM `zt_xd_prodservice` [ RunTime:0.0010s ]
SQL: SELECT `id`,`mark`,`name`,`state`,`content`,`money`,`smoney`,`num`,`istj`,`cate`,`path`,`img`,`utime` FROM `zt_xd_prodservice` WHERE `istj` = 1 AND `state` = '发布' ORDER BY utime desc  [ RunTime:0.0000s ]
INFO: [ view_parse ] --START--
INFO: [ template_filter ] --START--
INFO: Run Behavior\ContentReplaceBehavior [ RunTime:0.000000s ]
INFO: [ template_filter ] --END-- [ RunTime:0.000000s ]
NOTIC: [8] Undefined index: keywords F:\xampp\htdocs\Xinda\Runtime\Cache\Xinda\e8c145c7b5d86779b8b3cb83683506ae.php 第 8 行.
INFO: Run Behavior\ParseTemplateBehavior [ RunTime:0.004000s ]
INFO: [ view_parse ] --END-- [ RunTime:0.004000s ]
INFO: [ view_filter ] --START--
INFO: Run Behavior\WriteHtmlCacheBehavior [ RunTime:0.000000s ]
INFO: [ view_filter ] --END-- [ RunTime:0.000000s ]
INFO: [ app_end ] --START--
INFO: Run Behavior\ShowPageTraceBehavior [ RunTime:0.000000s ]
INFO: [ app_end ] --END-- [ RunTime:0.000000s ]

[ 2017-04-10T11:29:25+08:00 ] 127.0.0.1 /Xinda/index.php/Xinda/Index.html
INFO: [ app_init ] --START--
INFO: Run Behavior\BuildLiteBehavior [ RunTime:0.000000s ]
INFO: [ app_init ] --END-- [ RunTime:0.000000s ]
INFO: [ app_begin ] --START--
INFO: Run Behavior\ReadHtmlCacheBehavior [ RunTime:0.000000s ]
INFO: [ app_begin ] --END-- [ RunTime:0.000000s ]
SQL: SHOW COLUMNS FROM `zt_product` [ RunTime:0.0020s ]
SQL: SELECT `web`,`adress`,`desc`,`phone`,`tel`,`qq`,`qz`,`url`,`record`,`path`,`img` FROM `zt_product` WHERE `qz` = 'Xinda' LIMIT 1   [ RunTime:0.0000s ]
NOTIC: [8] Undefined index: wxAppId F:\xampp\htdocs\Xinda\Apps\Xinda\Controller\IndexController.class.php 第 6 行.
NOTIC: [8] Undefined index: wxOpenId F:\xampp\htdocs\Xinda\Apps\Xinda\Controller\IndexController.class.php 第 7 行.
NOTIC: [2] Missing argument 2 for wxLogin(), called in F:\xampp\htdocs\Xinda\Apps\Xinda\Controller\IndexController.class.php on line 8 and defined F:\xampp\htdocs\Xinda\Apps\Common\Common\function.php 第 354 行.
NOTIC: [2] Missing argument 3 for wxLogin(), called in F:\xampp\htdocs\Xinda\Apps\Xinda\Controller\IndexController.class.php on line 8 and defined F:\xampp\htdocs\Xinda\Apps\Common\Common\function.php 第 354 行.
NOTIC: [2] Missing argument 4 for wxLogin(), called in F:\xampp\htdocs\Xinda\Apps\Xinda\Controller\IndexController.class.php on line 8 and defined F:\xampp\htdocs\Xinda\Apps\Common\Common\function.php 第 354 行.
NOTIC: [8] Undefined variable: openid F:\xampp\htdocs\Xinda\Apps\Common\Common\function.php 第 355 行.
SQL: SHOW COLUMNS FROM `zt_xd_prodservice` [ RunTime:0.0020s ]
SQL: SELECT `id`,`mark`,`name`,`state`,`content`,`money`,`smoney`,`num`,`istj`,`cate`,`path`,`img`,`utime` FROM `zt_xd_prodservice` WHERE `istj` = 1 AND `state` = '发布' ORDER BY utime desc  [ RunTime:0.0000s ]
INFO: [ view_parse ] --START--
INFO: [ template_filter ] --START--
INFO: Run Behavior\ContentReplaceBehavior [ RunTime:0.000000s ]
INFO: [ template_filter ] --END-- [ RunTime:0.000000s ]
NOTIC: [8] Undefined index: keywords F:\xampp\htdocs\Xinda\Runtime\Cache\Xinda\e8c145c7b5d86779b8b3cb83683506ae.php 第 8 行.
INFO: Run Behavior\ParseTemplateBehavior [ RunTime:0.004000s ]
INFO: [ view_parse ] --END-- [ RunTime:0.004000s ]
INFO: [ view_filter ] --START--
INFO: Run Behavior\WriteHtmlCacheBehavior [ RunTime:0.000000s ]
INFO: [ view_filter ] --END-- [ RunTime:0.000000s ]
INFO: [ app_end ] --START--
INFO: Run Behavior\ShowPageTraceBehavior [ RunTime:0.000000s ]
INFO: [ app_end ] --END-- [ RunTime:0.000000s ]

[ 2017-04-10T11:29:26+08:00 ] 127.0.0.1 /Xinda/index.php/Xinda/Index.html
INFO: [ app_init ] --START--
INFO: Run Behavior\BuildLiteBehavior [ RunTime:0.000000s ]
INFO: [ app_init ] --END-- [ RunTime:0.000000s ]
INFO: [ app_begin ] --START--
INFO: Run Behavior\ReadHtmlCacheBehavior [ RunTime:0.000000s ]
INFO: [ app_begin ] --END-- [ RunTime:0.000000s ]
SQL: SHOW COLUMNS FROM `zt_product` [ RunTime:0.0010s ]
SQL: SELECT `web`,`adress`,`desc`,`phone`,`tel`,`qq`,`qz`,`url`,`record`,`path`,`img` FROM `zt_product` WHERE `qz` = 'Xinda' LIMIT 1   [ RunTime:0.0010s ]
NOTIC: [8] Undefined index: wxAppId F:\xampp\htdocs\Xinda\Apps\Xinda\Controller\IndexController.class.php 第 6 行.
NOTIC: [8] Undefined index: wxOpenId F:\xampp\htdocs\Xinda\Apps\Xinda\Controller\IndexController.class.php 第 7 行.
NOTIC: [2] Missing argument 2 for wxLogin(), called in F:\xampp\htdocs\Xinda\Apps\Xinda\Controller\IndexController.class.php on line 8 and defined F:\xampp\htdocs\Xinda\Apps\Common\Common\function.php 第 354 行.
NOTIC: [2] Missing argument 3 for wxLogin(), called in F:\xampp\htdocs\Xinda\Apps\Xinda\Controller\IndexController.class.php on line 8 and defined F:\xampp\htdocs\Xinda\Apps\Common\Common\function.php 第 354 行.
NOTIC: [2] Missing argument 4 for wxLogin(), called in F:\xampp\htdocs\Xinda\Apps\Xinda\Controller\IndexController.class.php on line 8 and defined F:\xampp\htdocs\Xinda\Apps\Common\Common\function.php 第 354 行.
NOTIC: [8] Undefined variable: openid F:\xampp\htdocs\Xinda\Apps\Common\Common\function.php 第 355 行.
SQL: SHOW COLUMNS FROM `zt_xd_prodservice` [ RunTime:0.0010s ]
SQL: SELECT `id`,`mark`,`name`,`state`,`content`,`money`,`smoney`,`num`,`istj`,`cate`,`path`,`img`,`utime` FROM `zt_xd_prodservice` WHERE `istj` = 1 AND `state` = '发布' ORDER BY utime desc  [ RunTime:0.0010s ]
INFO: [ view_parse ] --START--
INFO: [ template_filter ] --START--
INFO: Run Behavior\ContentReplaceBehavior [ RunTime:0.000000s ]
INFO: [ template_filter ] --END-- [ RunTime:0.001000s ]
NOTIC: [8] Undefined index: keywords F:\xampp\htdocs\Xinda\Runtime\Cache\Xinda\e8c145c7b5d86779b8b3cb83683506ae.php 第 8 行.
INFO: Run Behavior\ParseTemplateBehavior [ RunTime:0.004000s ]
INFO: [ view_parse ] --END-- [ RunTime:0.004000s ]
INFO: [ view_filter ] --START--
INFO: Run Behavior\WriteHtmlCacheBehavior [ RunTime:0.000000s ]
INFO: [ view_filter ] --END-- [ RunTime:0.000000s ]
INFO: [ app_end ] --START--
INFO: Run Behavior\ShowPageTraceBehavior [ RunTime:0.000000s ]
INFO: [ app_end ] --END-- [ RunTime:0.000000s ]

